<book>
  <author>Ibarra Escutia</author>
  <name>Ecuaciones Diferenciales</name>
</book>
<book>
  <author>Ricardo Raphael</author>
  <name>Hijo de la guerra</name>
</book>